<?xml version="1.0" encoding="UTF-8"?>
<!-- Generated by org.testng.reporters.JUnitXMLReporter -->
<testsuite ignored="2" hostname="LAPTOP-3JLM5LLC" failures="0" tests="1" name="Default test" time="0.075" errors="0" timestamp="2022-09-25T23:39:17 IST">
  <testcase classname="Test.TestNGLaptopandTravel" name="@BeforeTest beforeTest" time="-1.664129357778E9">
    <failure type="org.testng.TestNGException" message="
Parameter &amp;apos;browser&amp;apos; is required by BeforeTest on method beforeTest but has not been marked @Optional or defined
in C:\Users\Shubham\AppData\Local\Temp\testng-eclipse-276541534\testng-customsuite.xml">
      <![CDATA[org.testng.TestNGException: 
Parameter 'browser' is required by BeforeTest on method beforeTest but has not been marked @Optional or defined
in C:\Users\Shubham\AppData\Local\Temp\testng-eclipse-276541534\testng-customsuite.xml
at org.testng.internal.Parameters.createParams(Parameters.java:270)
at org.testng.internal.Parameters.createParametersForMethod(Parameters.java:358)
at org.testng.internal.Parameters.createParameters(Parameters.java:700)
at org.testng.internal.Parameters.createConfigurationParameters(Parameters.java:168)
at org.testng.internal.ConfigInvoker.invokeConfigurations(ConfigInvoker.java:302)
at org.testng.TestRunner.invokeTestConfigurations(TestRunner.java:637)
at org.testng.TestRunner.beforeRun(TestRunner.java:627)
at org.testng.TestRunner.run(TestRunner.java:589)
at org.testng.SuiteRunner.runTest(SuiteRunner.java:377)
at org.testng.SuiteRunner.runSequentially(SuiteRunner.java:371)
at org.testng.SuiteRunner.privateRun(SuiteRunner.java:332)
at org.testng.SuiteRunner.run(SuiteRunner.java:276)
at org.testng.SuiteRunnerWorker.runSuite(SuiteRunnerWorker.java:53)
at org.testng.SuiteRunnerWorker.run(SuiteRunnerWorker.java:96)
at org.testng.TestNG.runSuitesSequentially(TestNG.java:1212)
at org.testng.TestNG.runSuitesLocally(TestNG.java:1134)
at org.testng.TestNG.runSuites(TestNG.java:1063)
at org.testng.TestNG.run(TestNG.java:1031)
at org.testng.remote.AbstractRemoteTestNG.run(AbstractRemoteTestNG.java:115)
at org.testng.remote.RemoteTestNG.initAndRun(RemoteTestNG.java:251)
at org.testng.remote.RemoteTestNG.main(RemoteTestNG.java:77)
]]>
    </failure>
  </testcase> <!-- @BeforeTest beforeTest -->
  <testcase classname="Test.TestNGLaptopandTravel" name="@BeforeClass beforeClass" time="-1.664129357815E9">
    <skipped/>
  </testcase> <!-- @BeforeClass beforeClass -->
  <testcase classname="Test.TestNGLaptopandTravel" name="@BeforeMethod beforeMethod" time="-1.664129357833E9">
    <skipped/>
  </testcase> <!-- @BeforeMethod beforeMethod -->
  <testcase classname="Test.TestNGLaptopandTravel" name="@AfterMethod aftermethod" time="-1.66412935784E9">
    <skipped/>
  </testcase> <!-- @AfterMethod aftermethod -->
  <testcase classname="Test.TestNGLaptopandTravel" name="@AfterClass afterclass" time="-1.664129357842E9">
    <skipped/>
  </testcase> <!-- @AfterClass afterclass -->
  <testcase classname="Test.TestNGLaptopandTravel" name="@AfterTest clisebrowser" time="-1.664129357846E9">
    <skipped/>
  </testcase> <!-- @AfterTest clisebrowser -->
  <testcase classname="Test.TestNGLaptopandTravel" name="verifyLaptop" time="0.0">
    <skipped/>
  </testcase> <!-- verifyLaptop -->
  <testcase classname="Test.TestNGLaptopandTravel" name="verifyProductRemovel" time="0.0">
    <ignored/>
  </testcase> <!-- verifyProductRemovel -->
  <testcase classname="Test.TestNGLaptopandTravel" name="verifyTravel" time="0.0">
    <ignored/>
  </testcase> <!-- verifyTravel -->
</testsuite> <!-- Default test -->
