<?xml version="1.0" encoding="UTF-8"?>
<!-- Generated by org.testng.reporters.JUnitXMLReporter -->
<testsuite ignored="1" hostname="LAPTOP-3JLM5LLC" failures="2" tests="4" name="FirefoxTest" time="140.625" errors="0" timestamp="2022-09-28T10:04:21 IST">
  <testcase classname="Test.TestNGLaptopandTravel" name="verifyLaptop" time="20.586"/>
  <testcase classname="Test.TestNGLaptopandTravel" name="verifyTravel" time="2.282">
    <failure type="java.lang.AssertionError" message="travel not working expected [https://www.flipkart.com/travel/flights?otracker=nmenu_Flights] but found [https://www.flipkart.com/travel/flights?param=FKHPNavTravelBBD22&amp;amp;fm=neo%2Fmerchandising&amp;amp;iid=M_e3970170-bae5-483c-905c-73c0b3cfd497_1_LFZDN752UAJV_MC.7RN7PA2CVOHT&amp;amp;otracker=hp_rich_navigation_8_1.navigationCard.RICH_NAVIGATION_Travel_7RN7PA2CVOHT&amp;amp;otracker1=hp_rich_navigation_PINNED_neo%2Fmerchandising_NA_NAV_EXPANDABLE_navigationCard_cc_8_L0_view-all&amp;amp;cid=7RN7PA2CVOHT]">
      <![CDATA[java.lang.AssertionError: travel not working expected [https://www.flipkart.com/travel/flights?otracker=nmenu_Flights] but found [https://www.flipkart.com/travel/flights?param=FKHPNavTravelBBD22&fm=neo%2Fmerchandising&iid=M_e3970170-bae5-483c-905c-73c0b3cfd497_1_LFZDN752UAJV_MC.7RN7PA2CVOHT&otracker=hp_rich_navigation_8_1.navigationCard.RICH_NAVIGATION_Travel_7RN7PA2CVOHT&otracker1=hp_rich_navigation_PINNED_neo%2Fmerchandising_NA_NAV_EXPANDABLE_navigationCard_cc_8_L0_view-all&cid=7RN7PA2CVOHT]
at Test.TestNGLaptopandTravel.verifyTravel(TestNGLaptopandTravel.java:124)
at java.base/java.util.concurrent.ThreadPoolExecutor.runWorker(ThreadPoolExecutor.java:1136)
at java.base/java.util.concurrent.ThreadPoolExecutor$Worker.run(ThreadPoolExecutor.java:635)
at java.base/java.lang.Thread.run(Thread.java:833)
... Removed 17 stack frames]]>
    </failure>
  </testcase> <!-- verifyTravel -->
  <testcase classname="Test.TestNGCartandMouse" name="verifyCart" time="11.381">
    <failure type="org.openqa.selenium.NoSuchElementException" message="Unable to locate element: //div[@class=&amp;apos;_1LCJ1U&amp;apos;]
For documentation on this error, please visit: https://www.seleniumhq.org/exceptions/no_such_element.html
Build info: version: &amp;apos;3.141.59&amp;apos;, revision: &amp;apos;e82be7d358&amp;apos;, time: &amp;apos;2018-11-14T08:17:03&amp;apos;
System info: host: &amp;apos;LAPTOP-3JLM5LLC&amp;apos;, ip: &amp;apos;192.168.0.103&amp;apos;, os.name: &amp;apos;Windows 11&amp;apos;, os.arch: &amp;apos;amd64&amp;apos;, os.version: &amp;apos;10.0&amp;apos;, java.version: &amp;apos;17.0.3.1&amp;apos;
Driver info: org.openqa.selenium.firefox.FirefoxDriver
Capabilities {acceptInsecureCerts: true, browserName: firefox, browserVersion: 105.0.1, javascriptEnabled: true, moz:accessibilityChecks: false, moz:buildID: 20220922151854, moz:geckodriverVersion: 0.31.0, moz:headless: false, moz:platformVersion: 10.0, moz:processID: 23680, moz:profile: C:\Users\Shubham\AppData\Lo..., moz:shutdownTimeout: 60000, moz:useNonSpecCompliantPointerOrigin: false, moz:webdriverClick: true, moz:windowless: false, pageLoadStrategy: normal, platform: WINDOWS, platformName: WINDOWS, proxy: Proxy(), setWindowRect: true, strictFileInteractability: false, timeouts: {implicit: 0, pageLoad: 300000, script: 30000}, unhandledPromptBehavior: dismiss and notify}
Session ID: e90433b0-086c-4529-a4ac-de80326d1f5b
*** Element info: {Using=xpath, value=//div[@class=&amp;apos;_1LCJ1U&amp;apos;]}">
      <![CDATA[org.openqa.selenium.NoSuchElementException: Unable to locate element: //div[@class='_1LCJ1U']
For documentation on this error, please visit: https://www.seleniumhq.org/exceptions/no_such_element.html
Build info: version: '3.141.59', revision: 'e82be7d358', time: '2018-11-14T08:17:03'
System info: host: 'LAPTOP-3JLM5LLC', ip: '192.168.0.103', os.name: 'Windows 11', os.arch: 'amd64', os.version: '10.0', java.version: '17.0.3.1'
Driver info: org.openqa.selenium.firefox.FirefoxDriver
Capabilities {acceptInsecureCerts: true, browserName: firefox, browserVersion: 105.0.1, javascriptEnabled: true, moz:accessibilityChecks: false, moz:buildID: 20220922151854, moz:geckodriverVersion: 0.31.0, moz:headless: false, moz:platformVersion: 10.0, moz:processID: 23680, moz:profile: C:\Users\Shubham\AppData\Lo..., moz:shutdownTimeout: 60000, moz:useNonSpecCompliantPointerOrigin: false, moz:webdriverClick: true, moz:windowless: false, pageLoadStrategy: normal, platform: WINDOWS, platformName: WINDOWS, proxy: Proxy(), setWindowRect: true, strictFileInteractability: false, timeouts: {implicit: 0, pageLoad: 300000, script: 30000}, unhandledPromptBehavior: dismiss and notify}
Session ID: e90433b0-086c-4529-a4ac-de80326d1f5b
*** Element info: {Using=xpath, value=//div[@class='_1LCJ1U']}
at org.openqa.selenium.remote.http.W3CHttpResponseCodec.createException(W3CHttpResponseCodec.java:187)
at org.openqa.selenium.remote.http.W3CHttpResponseCodec.decode(W3CHttpResponseCodec.java:122)
at org.openqa.selenium.remote.http.W3CHttpResponseCodec.decode(W3CHttpResponseCodec.java:49)
at org.openqa.selenium.remote.HttpCommandExecutor.execute(HttpCommandExecutor.java:158)
at org.openqa.selenium.remote.service.DriverCommandExecutor.execute(DriverCommandExecutor.java:83)
at org.openqa.selenium.remote.RemoteWebDriver.execute(RemoteWebDriver.java:552)
at org.openqa.selenium.remote.RemoteWebDriver.findElement(RemoteWebDriver.java:323)
at org.openqa.selenium.remote.RemoteWebDriver.findElementByXPath(RemoteWebDriver.java:428)
at org.openqa.selenium.By$ByXPath.findElement(By.java:353)
at org.openqa.selenium.remote.RemoteWebDriver.findElement(RemoteWebDriver.java:315)
at org.openqa.selenium.support.pagefactory.DefaultElementLocator.findElement(DefaultElementLocator.java:69)
at org.openqa.selenium.support.pagefactory.internal.LocatingElementHandler.invoke(LocatingElementHandler.java:38)
at jdk.proxy2/jdk.proxy2.$Proxy17.getText(Unknown Source)
at pages.CartPage.checkCartisEmpty(CartPage.java:31)
at Test.TestNGCartandMouse.verifyCart(TestNGCartandMouse.java:91)
at java.base/java.util.concurrent.ThreadPoolExecutor.runWorker(ThreadPoolExecutor.java:1136)
at java.base/java.util.concurrent.ThreadPoolExecutor$Worker.run(ThreadPoolExecutor.java:635)
at java.base/java.lang.Thread.run(Thread.java:833)
... Removed 17 stack frames]]>
    </failure>
  </testcase> <!-- verifyCart -->
  <testcase classname="Test.TestNGLaptopandTravel" name="verifyProductRemovel" time="3.898"/>
  <testcase classname="Test.TestNGCartandMouse" name="verifyMouse" time="0.0">
    <ignored/>
  </testcase> <!-- verifyMouse -->
</testsuite> <!-- FirefoxTest -->
